c:\users\administrator\documents\visual studio 2013\projects\hellowdm\x64\win7debug\hellowdm package\hellowdm.cat
c:\users\administrator\documents\visual studio 2013\projects\hellowdm\x64\win7debug\hellowdmpackage.cer
c:\users\administrator\documents\visual studio 2013\projects\hellowdm\hellowdm package\x64\win7debug\inf2cat-expand.10004.read.1.tlog
c:\users\administrator\documents\visual studio 2013\projects\hellowdm\hellowdm package\x64\win7debug\inf2cat-expand.10004.write.1.tlog
c:\users\administrator\documents\visual studio 2013\projects\hellowdm\hellowdm package\x64\win7debug\inf2cat-expand.10152.read.1.tlog
c:\users\administrator\documents\visual studio 2013\projects\hellowdm\hellowdm package\x64\win7debug\inf2cat-expand.10152.write.1.tlog
c:\users\administrator\documents\visual studio 2013\projects\hellowdm\hellowdm package\x64\win7debug\inf2cat-expand.10460.read.1.tlog
c:\users\administrator\documents\visual studio 2013\projects\hellowdm\hellowdm package\x64\win7debug\inf2cat-expand.10460.write.1.tlog
c:\users\administrator\documents\visual studio 2013\projects\hellowdm\hellowdm package\x64\win7debug\inf2cat-expand.10580.read.1.tlog
c:\users\administrator\documents\visual studio 2013\projects\hellowdm\hellowdm package\x64\win7debug\inf2cat-expand.10580.write.1.tlog
c:\users\administrator\documents\visual studio 2013\projects\hellowdm\hellowdm package\x64\win7debug\inf2cat-expand.11400.read.1.tlog
c:\users\administrator\documents\visual studio 2013\projects\hellowdm\hellowdm package\x64\win7debug\inf2cat-expand.11400.write.1.tlog
c:\users\administrator\documents\visual studio 2013\projects\hellowdm\hellowdm package\x64\win7debug\inf2cat-expand.12292.read.1.tlog
c:\users\administrator\documents\visual studio 2013\projects\hellowdm\hellowdm package\x64\win7debug\inf2cat-expand.12292.write.1.tlog
c:\users\administrator\documents\visual studio 2013\projects\hellowdm\hellowdm package\x64\win7debug\inf2cat-expand.12928.read.1.tlog
c:\users\administrator\documents\visual studio 2013\projects\hellowdm\hellowdm package\x64\win7debug\inf2cat-expand.12928.write.1.tlog
c:\users\administrator\documents\visual studio 2013\projects\hellowdm\hellowdm package\x64\win7debug\inf2cat-expand.13104.read.1.tlog
c:\users\administrator\documents\visual studio 2013\projects\hellowdm\hellowdm package\x64\win7debug\inf2cat-expand.13104.write.1.tlog
c:\users\administrator\documents\visual studio 2013\projects\hellowdm\hellowdm package\x64\win7debug\inf2cat-expand.13384.read.1.tlog
c:\users\administrator\documents\visual studio 2013\projects\hellowdm\hellowdm package\x64\win7debug\inf2cat-expand.13384.write.1.tlog
c:\users\administrator\documents\visual studio 2013\projects\hellowdm\hellowdm package\x64\win7debug\inf2cat-expand.13496.read.1.tlog
c:\users\administrator\documents\visual studio 2013\projects\hellowdm\hellowdm package\x64\win7debug\inf2cat-expand.13496.write.1.tlog
c:\users\administrator\documents\visual studio 2013\projects\hellowdm\hellowdm package\x64\win7debug\inf2cat-expand.13872.read.1.tlog
c:\users\administrator\documents\visual studio 2013\projects\hellowdm\hellowdm package\x64\win7debug\inf2cat-expand.13872.write.1.tlog
c:\users\administrator\documents\visual studio 2013\projects\hellowdm\hellowdm package\x64\win7debug\inf2cat-expand.1652.read.1.tlog
c:\users\administrator\documents\visual studio 2013\projects\hellowdm\hellowdm package\x64\win7debug\inf2cat-expand.1652.write.1.tlog
c:\users\administrator\documents\visual studio 2013\projects\hellowdm\hellowdm package\x64\win7debug\inf2cat-expand.4516.read.1.tlog
c:\users\administrator\documents\visual studio 2013\projects\hellowdm\hellowdm package\x64\win7debug\inf2cat-expand.4516.write.1.tlog
c:\users\administrator\documents\visual studio 2013\projects\hellowdm\hellowdm package\x64\win7debug\inf2cat-expand.6368.read.1.tlog
c:\users\administrator\documents\visual studio 2013\projects\hellowdm\hellowdm package\x64\win7debug\inf2cat-expand.6368.write.1.tlog
c:\users\administrator\documents\visual studio 2013\projects\hellowdm\hellowdm package\x64\win7debug\inf2cat-expand.6452.read.1.tlog
c:\users\administrator\documents\visual studio 2013\projects\hellowdm\hellowdm package\x64\win7debug\inf2cat-expand.6452.write.1.tlog
c:\users\administrator\documents\visual studio 2013\projects\hellowdm\hellowdm package\x64\win7debug\inf2cat-expand.6992.read.1.tlog
c:\users\administrator\documents\visual studio 2013\projects\hellowdm\hellowdm package\x64\win7debug\inf2cat-expand.6992.write.1.tlog
c:\users\administrator\documents\visual studio 2013\projects\hellowdm\hellowdm package\x64\win7debug\inf2cat-expand.8564.read.1.tlog
c:\users\administrator\documents\visual studio 2013\projects\hellowdm\hellowdm package\x64\win7debug\inf2cat-expand.8564.write.1.tlog
c:\users\administrator\documents\visual studio 2013\projects\hellowdm\hellowdm package\x64\win7debug\inf2cat-expand.9020.read.1.tlog
c:\users\administrator\documents\visual studio 2013\projects\hellowdm\hellowdm package\x64\win7debug\inf2cat-expand.9020.write.1.tlog
c:\users\administrator\documents\visual studio 2013\projects\hellowdm\hellowdm package\x64\win7debug\inf2cat-expand.9532.read.1.tlog
c:\users\administrator\documents\visual studio 2013\projects\hellowdm\hellowdm package\x64\win7debug\inf2cat-expand.9532.write.1.tlog
c:\users\administrator\documents\visual studio 2013\projects\hellowdm\hellowdm package\x64\win7debug\inf2cat-expand.9772.read.1.tlog
c:\users\administrator\documents\visual studio 2013\projects\hellowdm\hellowdm package\x64\win7debug\inf2cat-expand.9772.write.1.tlog
c:\users\administrator\documents\visual studio 2013\projects\hellowdm\hellowdm package\x64\win7debug\inf2cat-expand.9944.read.1.tlog
c:\users\administrator\documents\visual studio 2013\projects\hellowdm\hellowdm package\x64\win7debug\inf2cat-expand.9944.write.1.tlog
c:\users\administrator\documents\visual studio 2013\projects\hellowdm\hellowdm package\x64\win7debug\inf2cat-expand.read.1.tlog
c:\users\administrator\documents\visual studio 2013\projects\hellowdm\hellowdm package\x64\win7debug\inf2cat-expand.write.1.tlog
c:\users\administrator\documents\visual studio 2013\projects\hellowdm\hellowdm package\x64\win7debug\inf2cat.command.1.tlog
c:\users\administrator\documents\visual studio 2013\projects\hellowdm\hellowdm package\x64\win7debug\inf2cat.read.1.tlog
c:\users\administrator\documents\visual studio 2013\projects\hellowdm\hellowdm package\x64\win7debug\inf2cat.write.1.tlog
c:\users\administrator\documents\visual studio 2013\projects\hellowdm\hellowdm package\x64\win7debug\signtool.command.1.tlog
c:\users\administrator\documents\visual studio 2013\projects\hellowdm\hellowdm package\x64\win7debug\signtool.read.1.tlog
c:\users\administrator\documents\visual studio 2013\projects\hellowdm\hellowdm package\x64\win7debug\signtool.write.1.tlog
