c:\users\administrator\documents\visual studio 2013\projects\hellowdm\x64\win7debug\hellowdm package\hellowdm.cat
c:\users\administrator\documents\visual studio 2013\projects\hellowdm\x64\win7debug\hellowdmpackage.cer
c:\users\administrator\documents\visual studio 2013\projects\hellowdm\hellowdm package\x64\win7debug\inf2cat-expand.10296.read.1.tlog
c:\users\administrator\documents\visual studio 2013\projects\hellowdm\hellowdm package\x64\win7debug\inf2cat-expand.10296.write.1.tlog
c:\users\administrator\documents\visual studio 2013\projects\hellowdm\hellowdm package\x64\win7debug\inf2cat-expand.10696.read.1.tlog
c:\users\administrator\documents\visual studio 2013\projects\hellowdm\hellowdm package\x64\win7debug\inf2cat-expand.10696.write.1.tlog
c:\users\administrator\documents\visual studio 2013\projects\hellowdm\hellowdm package\x64\win7debug\inf2cat-expand.11228.read.1.tlog
c:\users\administrator\documents\visual studio 2013\projects\hellowdm\hellowdm package\x64\win7debug\inf2cat-expand.11228.write.1.tlog
c:\users\administrator\documents\visual studio 2013\projects\hellowdm\hellowdm package\x64\win7debug\inf2cat-expand.11320.read.1.tlog
c:\users\administrator\documents\visual studio 2013\projects\hellowdm\hellowdm package\x64\win7debug\inf2cat-expand.11320.write.1.tlog
c:\users\administrator\documents\visual studio 2013\projects\hellowdm\hellowdm package\x64\win7debug\inf2cat-expand.120.read.1.tlog
c:\users\administrator\documents\visual studio 2013\projects\hellowdm\hellowdm package\x64\win7debug\inf2cat-expand.120.write.1.tlog
c:\users\administrator\documents\visual studio 2013\projects\hellowdm\hellowdm package\x64\win7debug\inf2cat-expand.12292.read.1.tlog
c:\users\administrator\documents\visual studio 2013\projects\hellowdm\hellowdm package\x64\win7debug\inf2cat-expand.12292.write.1.tlog
c:\users\administrator\documents\visual studio 2013\projects\hellowdm\hellowdm package\x64\win7debug\inf2cat-expand.12308.read.1.tlog
c:\users\administrator\documents\visual studio 2013\projects\hellowdm\hellowdm package\x64\win7debug\inf2cat-expand.12308.write.1.tlog
c:\users\administrator\documents\visual studio 2013\projects\hellowdm\hellowdm package\x64\win7debug\inf2cat-expand.1760.read.1.tlog
c:\users\administrator\documents\visual studio 2013\projects\hellowdm\hellowdm package\x64\win7debug\inf2cat-expand.1760.write.1.tlog
c:\users\administrator\documents\visual studio 2013\projects\hellowdm\hellowdm package\x64\win7debug\inf2cat-expand.1844.read.1.tlog
c:\users\administrator\documents\visual studio 2013\projects\hellowdm\hellowdm package\x64\win7debug\inf2cat-expand.1844.write.1.tlog
c:\users\administrator\documents\visual studio 2013\projects\hellowdm\hellowdm package\x64\win7debug\inf2cat-expand.1864.read.1.tlog
c:\users\administrator\documents\visual studio 2013\projects\hellowdm\hellowdm package\x64\win7debug\inf2cat-expand.1864.write.1.tlog
c:\users\administrator\documents\visual studio 2013\projects\hellowdm\hellowdm package\x64\win7debug\inf2cat-expand.4420.read.1.tlog
c:\users\administrator\documents\visual studio 2013\projects\hellowdm\hellowdm package\x64\win7debug\inf2cat-expand.4420.write.1.tlog
c:\users\administrator\documents\visual studio 2013\projects\hellowdm\hellowdm package\x64\win7debug\inf2cat-expand.4624.read.1.tlog
c:\users\administrator\documents\visual studio 2013\projects\hellowdm\hellowdm package\x64\win7debug\inf2cat-expand.4624.write.1.tlog
c:\users\administrator\documents\visual studio 2013\projects\hellowdm\hellowdm package\x64\win7debug\inf2cat-expand.656.read.1.tlog
c:\users\administrator\documents\visual studio 2013\projects\hellowdm\hellowdm package\x64\win7debug\inf2cat-expand.656.write.1.tlog
c:\users\administrator\documents\visual studio 2013\projects\hellowdm\hellowdm package\x64\win7debug\inf2cat-expand.6976.read.1.tlog
c:\users\administrator\documents\visual studio 2013\projects\hellowdm\hellowdm package\x64\win7debug\inf2cat-expand.6976.write.1.tlog
c:\users\administrator\documents\visual studio 2013\projects\hellowdm\hellowdm package\x64\win7debug\inf2cat-expand.7416.read.1.tlog
c:\users\administrator\documents\visual studio 2013\projects\hellowdm\hellowdm package\x64\win7debug\inf2cat-expand.7416.write.1.tlog
c:\users\administrator\documents\visual studio 2013\projects\hellowdm\hellowdm package\x64\win7debug\inf2cat-expand.7784.read.1.tlog
c:\users\administrator\documents\visual studio 2013\projects\hellowdm\hellowdm package\x64\win7debug\inf2cat-expand.7784.write.1.tlog
c:\users\administrator\documents\visual studio 2013\projects\hellowdm\hellowdm package\x64\win7debug\inf2cat-expand.824.read.1.tlog
c:\users\administrator\documents\visual studio 2013\projects\hellowdm\hellowdm package\x64\win7debug\inf2cat-expand.824.write.1.tlog
c:\users\administrator\documents\visual studio 2013\projects\hellowdm\hellowdm package\x64\win7debug\inf2cat-expand.9384.read.1.tlog
c:\users\administrator\documents\visual studio 2013\projects\hellowdm\hellowdm package\x64\win7debug\inf2cat-expand.9384.write.1.tlog
c:\users\administrator\documents\visual studio 2013\projects\hellowdm\hellowdm package\x64\win7debug\inf2cat-expand.read.1.tlog
c:\users\administrator\documents\visual studio 2013\projects\hellowdm\hellowdm package\x64\win7debug\inf2cat-expand.write.1.tlog
c:\users\administrator\documents\visual studio 2013\projects\hellowdm\hellowdm package\x64\win7debug\inf2cat.command.1.tlog
c:\users\administrator\documents\visual studio 2013\projects\hellowdm\hellowdm package\x64\win7debug\inf2cat.read.1.tlog
c:\users\administrator\documents\visual studio 2013\projects\hellowdm\hellowdm package\x64\win7debug\inf2cat.write.1.tlog
c:\users\administrator\documents\visual studio 2013\projects\hellowdm\hellowdm package\x64\win7debug\signtool.command.1.tlog
c:\users\administrator\documents\visual studio 2013\projects\hellowdm\hellowdm package\x64\win7debug\signtool.read.1.tlog
c:\users\administrator\documents\visual studio 2013\projects\hellowdm\hellowdm package\x64\win7debug\signtool.write.1.tlog
