c:\users\administrator\documents\visual studio 2013\projects\hellowdm\win7debug\hellowdm package\hellowdm.cat
c:\users\administrator\documents\visual studio 2013\projects\hellowdm\win7debug\hellowdmpackage.cer
c:\users\administrator\documents\visual studio 2013\projects\hellowdm\hellowdm package\win7debug\inf2cat-expand.12396.read.1.tlog
c:\users\administrator\documents\visual studio 2013\projects\hellowdm\hellowdm package\win7debug\inf2cat-expand.12396.write.1.tlog
c:\users\administrator\documents\visual studio 2013\projects\hellowdm\hellowdm package\win7debug\inf2cat-expand.12420.read.1.tlog
c:\users\administrator\documents\visual studio 2013\projects\hellowdm\hellowdm package\win7debug\inf2cat-expand.12420.write.1.tlog
c:\users\administrator\documents\visual studio 2013\projects\hellowdm\hellowdm package\win7debug\inf2cat-expand.3272.read.1.tlog
c:\users\administrator\documents\visual studio 2013\projects\hellowdm\hellowdm package\win7debug\inf2cat-expand.3272.write.1.tlog
c:\users\administrator\documents\visual studio 2013\projects\hellowdm\hellowdm package\win7debug\inf2cat-expand.3632.read.1.tlog
c:\users\administrator\documents\visual studio 2013\projects\hellowdm\hellowdm package\win7debug\inf2cat-expand.3632.write.1.tlog
c:\users\administrator\documents\visual studio 2013\projects\hellowdm\hellowdm package\win7debug\inf2cat-expand.7584.read.1.tlog
c:\users\administrator\documents\visual studio 2013\projects\hellowdm\hellowdm package\win7debug\inf2cat-expand.7584.write.1.tlog
c:\users\administrator\documents\visual studio 2013\projects\hellowdm\hellowdm package\win7debug\inf2cat-expand.read.1.tlog
c:\users\administrator\documents\visual studio 2013\projects\hellowdm\hellowdm package\win7debug\inf2cat-expand.write.1.tlog
c:\users\administrator\documents\visual studio 2013\projects\hellowdm\hellowdm package\win7debug\inf2cat.command.1.tlog
c:\users\administrator\documents\visual studio 2013\projects\hellowdm\hellowdm package\win7debug\inf2cat.read.1.tlog
c:\users\administrator\documents\visual studio 2013\projects\hellowdm\hellowdm package\win7debug\inf2cat.read.8.tlog
c:\users\administrator\documents\visual studio 2013\projects\hellowdm\hellowdm package\win7debug\inf2cat.write.1.tlog
c:\users\administrator\documents\visual studio 2013\projects\hellowdm\hellowdm package\win7debug\inf2cat.write.8.tlog
c:\users\administrator\documents\visual studio 2013\projects\hellowdm\hellowdm package\win7debug\signtool.command.1.tlog
c:\users\administrator\documents\visual studio 2013\projects\hellowdm\hellowdm package\win7debug\signtool.read.1.tlog
c:\users\administrator\documents\visual studio 2013\projects\hellowdm\hellowdm package\win7debug\signtool.write.1.tlog
